1608228646827	geckodriver	INFO	Listening on 127.0.0.1:57111
1608228646846	mozrunner::runner	INFO	Running command: "/usr/bin/firefox" "--marionette" "-foreground" "-no-remote" "-profile" "/tmp/rust_mozprofiletb0zhd"
console.warn: SearchSettings: "get: No settings file exists, new profile?" (new Error("", "(unknown module)"))
1608228651159	Marionette	INFO	Listening on port 33643
1608228651196	Marionette	WARN	TLS certificate errors will be ignored for this session
1608228656522	Marionette	WARN	Ignoring event 'DOMContentLoaded' because document has an invalid readyState of 'complete'.
JavaScript warning: https://api.cazamba.com/common/czmb.min.js, line 2: Using //@ to indicate sourceMappingURL pragmas is deprecated. Use //# instead
JavaScript warning: https://cdn.viadata.store/js/player/201126.js, line 1: unreachable code after return statement
JavaScript error: resource://activity-stream/lib/ASRouter.jsm, line 987: NS_ERROR_ILLEGAL_VALUE: Component returned failure code: 0x80070057 (NS_ERROR_ILLEGAL_VALUE) [nsIObserverService.removeObserver]
1608228674508	Marionette	INFO	Stopped listening on port 33643

###!!! [Parent][RunMessage] Error: Channel closing: too late to send/recv, messages will be lost

1608229428408	geckodriver	INFO	Listening on 127.0.0.1:45313
1608229428417	mozrunner::runner	INFO	Running command: "/usr/bin/firefox" "--marionette" "-foreground" "-no-remote" "-profile" "/tmp/rust_mozprofileU42zGG"
console.warn: SearchSettings: "get: No settings file exists, new profile?" (new Error("", "(unknown module)"))
1608229432379	Marionette	INFO	Listening on port 38533
1608229432515	Marionette	WARN	TLS certificate errors will be ignored for this session
1608229434983	Marionette	WARN	Ignoring event 'DOMContentLoaded' because document has an invalid readyState of 'complete'.
JavaScript warning: https://api.cazamba.com/common/czmb.min.js, line 2: Using //@ to indicate sourceMappingURL pragmas is deprecated. Use //# instead
JavaScript warning: https://cdn.viadata.store/js/player/201126.js, line 1: unreachable code after return statement
JavaScript error: resource://pdf.js/PdfStreamConverter.jsm, line 1089: NS_ERROR_FAILURE: Ignore PDF.js for this download.
1608229446713	Marionette	WARN	Ignoring event 'pageshow' because document has an invalid readyState of 'interactive'.
1608229446717	Marionette	WARN	Ignoring event 'pageshow' because document has an invalid readyState of 'interactive'.
JavaScript error: https://cdn.ravenjs.com/3.17.0/raven.min.js, line 2: NS_ERROR_NOT_INITIALIZED: 
JavaScript error: https://cdn.ravenjs.com/3.17.0/raven.min.js, line 2: NS_ERROR_NOT_INITIALIZED: 
JavaScript error: https://cdn.ravenjs.com/3.17.0/raven.min.js, line 2: NS_ERROR_NOT_INITIALIZED: 
JavaScript error: https://cdn.ravenjs.com/3.17.0/raven.min.js, line 2: NS_ERROR_NOT_INITIALIZED: 
JavaScript error: https://cdn.ravenjs.com/3.17.0/raven.min.js, line 2: NS_ERROR_NOT_INITIALIZED: 
JavaScript error: https://cdn.ravenjs.com/3.17.0/raven.min.js, line 2: NS_ERROR_NOT_INITIALIZED: 
JavaScript error: https://cdn.ravenjs.com/3.17.0/raven.min.js, line 2: NS_ERROR_NOT_INITIALIZED: 
JavaScript error: https://cdn.ravenjs.com/3.17.0/raven.min.js, line 2: NS_ERROR_NOT_INITIALIZED: 
JavaScript error: https://cdn.ravenjs.com/3.17.0/raven.min.js, line 2: NS_ERROR_NOT_INITIALIZED: 
JavaScript error: https://cdn.ravenjs.com/3.17.0/raven.min.js, line 2: NS_ERROR_NOT_INITIALIZED: 
JavaScript error: https://cdn.ravenjs.com/3.17.0/raven.min.js, line 2: NS_ERROR_NOT_INITIALIZED: 
JavaScript error: https://cdn.ravenjs.com/3.17.0/raven.min.js, line 2: NS_ERROR_NOT_INITIALIZED: 
JavaScript error: https://cdn.ravenjs.com/3.17.0/raven.min.js, line 2: NS_ERROR_NOT_INITIALIZED: 
JavaScript error: https://cdn.ravenjs.com/3.17.0/raven.min.js, line 2: NS_ERROR_NOT_INITIALIZED: 
JavaScript error: https://cdn.ravenjs.com/3.17.0/raven.min.js, line 2: NS_ERROR_NOT_INITIALIZED: 
JavaScript error: https://cdn.ravenjs.com/3.17.0/raven.min.js, line 2: NS_ERROR_NOT_INITIALIZED: 
JavaScript error: https://cdn.ravenjs.com/3.17.0/raven.min.js, line 2: NS_ERROR_NOT_INITIALIZED: 
JavaScript error: https://cdn.ravenjs.com/3.17.0/raven.min.js, line 2: NS_ERROR_NOT_INITIALIZED: 
JavaScript error: https://cdn.ravenjs.com/3.17.0/raven.min.js, line 2: NS_ERROR_NOT_INITIALIZED: 
JavaScript error: https://cdn.ravenjs.com/3.17.0/raven.min.js, line 2: NS_ERROR_NOT_INITIALIZED: 
JavaScript error: https://cdn.ravenjs.com/3.17.0/raven.min.js, line 2: NS_ERROR_NOT_INITIALIZED: 
JavaScript error: https://cdn.ravenjs.com/3.17.0/raven.min.js, line 2: NS_ERROR_NOT_INITIALIZED: 
JavaScript error: https://cdn.ravenjs.com/3.17.0/raven.min.js, line 2: NS_ERROR_NOT_INITIALIZED: 
JavaScript error: https://cdn.ravenjs.com/3.17.0/raven.min.js, line 2: NS_ERROR_NOT_INITIALIZED: 
JavaScript error: https://cdn.ravenjs.com/3.17.0/raven.min.js, line 2: NS_ERROR_NOT_INITIALIZED: 
JavaScript error: https://cdn.ravenjs.com/3.17.0/raven.min.js, line 2: NS_ERROR_NOT_INITIALIZED: 
JavaScript error: https://cdn.ravenjs.com/3.17.0/raven.min.js, line 2: NS_ERROR_NOT_INITIALIZED: 
JavaScript error: https://cdn.ravenjs.com/3.17.0/raven.min.js, line 2: NS_ERROR_NOT_INITIALIZED: 
JavaScript error: https://cdn.ravenjs.com/3.17.0/raven.min.js, line 2: NS_ERROR_NOT_INITIALIZED: 
JavaScript error: https://cdn.ravenjs.com/3.17.0/raven.min.js, line 2: NS_ERROR_NOT_INITIALIZED: 
JavaScript error: https://cdn.ravenjs.com/3.17.0/raven.min.js, line 2: NS_ERROR_NOT_INITIALIZED: 
JavaScript error: https://cdn.ravenjs.com/3.17.0/raven.min.js, line 2: NS_ERROR_NOT_INITIALIZED: 
JavaScript error: https://cdn.ravenjs.com/3.17.0/raven.min.js, line 2: NS_ERROR_NOT_INITIALIZED: 
JavaScript error: https://cdn.ravenjs.com/3.17.0/raven.min.js, line 2: NS_ERROR_NOT_INITIALIZED: 
JavaScript error: https://cdn.ravenjs.com/3.17.0/raven.min.js, line 2: NS_ERROR_NOT_INITIALIZED: 
JavaScript error: https://cdn.ravenjs.com/3.17.0/raven.min.js, line 2: NS_ERROR_NOT_INITIALIZED: 
JavaScript error: https://cdn.ravenjs.com/3.17.0/raven.min.js, line 2: NS_ERROR_NOT_INITIALIZED: 
JavaScript error: https://cdn.ravenjs.com/3.17.0/raven.min.js, line 2: NS_ERROR_NOT_INITIALIZED: 
JavaScript error: https://cdn.ravenjs.com/3.17.0/raven.min.js, line 2: NS_ERROR_NOT_INITIALIZED: 
JavaScript error: https://cdn.ravenjs.com/3.17.0/raven.min.js, line 2: NS_ERROR_NOT_INITIALIZED: 
JavaScript error: https://cdn.ravenjs.com/3.17.0/raven.min.js, line 2: NS_ERROR_NOT_INITIALIZED: 
JavaScript error: https://cdn.ravenjs.com/3.17.0/raven.min.js, line 2: NS_ERROR_NOT_INITIALIZED: 
JavaScript error: https://cdn.ravenjs.com/3.17.0/raven.min.js, line 2: NS_ERROR_NOT_INITIALIZED: 
JavaScript error: https://cdn.ravenjs.com/3.17.0/raven.min.js, line 2: NS_ERROR_NOT_INITIALIZED: 
JavaScript error: https://cdn.ravenjs.com/3.17.0/raven.min.js, line 2: NS_ERROR_NOT_INITIALIZED: 
JavaScript error: https://cdn.ravenjs.com/3.17.0/raven.min.js, line 2: NS_ERROR_NOT_INITIALIZED: 
JavaScript error: https://cdn.ravenjs.com/3.17.0/raven.min.js, line 2: NS_ERROR_NOT_INITIALIZED: 
JavaScript error: https://cdn.ravenjs.com/3.17.0/raven.min.js, line 2: NS_ERROR_NOT_INITIALIZED: 
JavaScript error: https://cdn.ravenjs.com/3.17.0/raven.min.js, line 2: NS_ERROR_NOT_INITIALIZED: 
JavaScript error: https://cdn.ravenjs.com/3.17.0/raven.min.js, line 2: NS_ERROR_NOT_INITIALIZED: 
JavaScript error: https://cdn.ravenjs.com/3.17.0/raven.min.js, line 2: NS_ERROR_NOT_INITIALIZED: 
JavaScript error: https://cdn.ravenjs.com/3.17.0/raven.min.js, line 2: NS_ERROR_NOT_INITIALIZED: 
JavaScript error: https://cdn.ravenjs.com/3.17.0/raven.min.js, line 2: NS_ERROR_NOT_INITIALIZED: 
JavaScript error: https://cdn.ravenjs.com/3.17.0/raven.min.js, line 2: NS_ERROR_NOT_INITIALIZED: 
JavaScript error: https://cdn.ravenjs.com/3.17.0/raven.min.js, line 2: NS_ERROR_NOT_INITIALIZED: 
JavaScript error: https://cdn.ravenjs.com/3.17.0/raven.min.js, line 2: NS_ERROR_NOT_INITIALIZED: 
JavaScript error: https://cdn.ravenjs.com/3.17.0/raven.min.js, line 2: NS_ERROR_NOT_INITIALIZED: 
JavaScript error: https://cdn.ravenjs.com/3.17.0/raven.min.js, line 2: NS_ERROR_NOT_INITIALIZED: 
JavaScript error: https://cdn.ravenjs.com/3.17.0/raven.min.js, line 2: NS_ERROR_NOT_INITIALIZED: 
JavaScript error: https://cdn.ravenjs.com/3.17.0/raven.min.js, line 2: NS_ERROR_NOT_INITIALIZED: 
JavaScript error: https://cdn.ravenjs.com/3.17.0/raven.min.js, line 2: NS_ERROR_NOT_INITIALIZED: 
JavaScript error: https://cdn.ravenjs.com/3.17.0/raven.min.js, line 2: NS_ERROR_NOT_INITIALIZED: 
JavaScript error: https://cdn.ravenjs.com/3.17.0/raven.min.js, line 2: NS_ERROR_NOT_INITIALIZED: 
JavaScript error: https://cdn.ravenjs.com/3.17.0/raven.min.js, line 2: NS_ERROR_NOT_INITIALIZED: 
JavaScript error: https://cdn.viadata.store/js/player/201126.js line 1 > eval, line 1: NotSupportedError: The media resource indicated by the src attribute or assigned media provider object was not suitable.
